  Game.cpp
C:\Users\viole\Desktop\platformGame\platformGame\Game.h(22,32): warning C4244: 'argument': conversion from 'int' to 'T', possible loss of data
          with
          [
              T=float
          ]
C:\Users\viole\Desktop\platformGame\platformGame\Game.h(104,48): warning C4244: 'argument': conversion from 'int' to 'float', possible loss of data
C:\Users\viole\Desktop\platformGame\platformGame\Game.h(104,38): warning C4244: 'argument': conversion from 'int' to 'float', possible loss of data
C:\Users\viole\Desktop\platformGame\platformGame\Game.h(111,48): warning C4244: 'argument': conversion from 'int' to 'float', possible loss of data
C:\Users\viole\Desktop\platformGame\platformGame\Game.h(111,38): warning C4244: 'argument': conversion from 'int' to 'float', possible loss of data
C:\Users\viole\Desktop\platformGame\platformGame\Game.h(117,48): warning C4244: 'argument': conversion from 'int' to 'float', possible loss of data
C:\Users\viole\Desktop\platformGame\platformGame\Game.h(117,38): warning C4244: 'argument': conversion from 'int' to 'float', possible loss of data
C:\Users\viole\Desktop\platformGame\platformGame\Game.h(125,48): warning C4244: 'argument': conversion from 'int' to 'float', possible loss of data
C:\Users\viole\Desktop\platformGame\platformGame\Game.h(125,38): warning C4244: 'argument': conversion from 'int' to 'float', possible loss of data
C:\Users\viole\Desktop\platformGame\platformGame\Game.h(133,48): warning C4244: 'argument': conversion from 'int' to 'float', possible loss of data
C:\Users\viole\Desktop\platformGame\platformGame\Game.h(133,38): warning C4244: 'argument': conversion from 'int' to 'float', possible loss of data
C:\Users\viole\Desktop\platformGame\platformGame\Game.h(179,1): warning C4305: 'argument': truncation from 'double' to 'float'
  Generating code
  0 of 16 functions ( 0.0%) were compiled, the rest were copied from previous compilation.
    0 functions were new in current compilation
    0 functions had inline decision re-evaluated but remain unchanged
  Finished generating code
  platformGame.vcxproj -> C:\Users\viole\Desktop\platformGame\Release\platformGame.exe
